<?xml version="1.0" encoding="UTF-8"?>

<mule xmlns:ee="http://www.mulesoft.org/schema/mule/ee/core" xmlns:http="http://www.mulesoft.org/schema/mule/http"
	xmlns="http://www.mulesoft.org/schema/mule/core"
	xmlns:doc="http://www.mulesoft.org/schema/mule/documentation" xmlns:xsi="http://www.w3.org/2001/XMLSchema-instance" xsi:schemaLocation="http://www.mulesoft.org/schema/mule/core http://www.mulesoft.org/schema/mule/core/current/mule.xsd
http://www.mulesoft.org/schema/mule/http http://www.mulesoft.org/schema/mule/http/current/mule-http.xsd
http://www.mulesoft.org/schema/mule/ee/core http://www.mulesoft.org/schema/mule/ee/core/current/mule-ee.xsd">
	<http:listener-config name="HTTP_Listener_config" doc:name="HTTP Listener config" doc:id="d404a05d-6e05-48fa-9ed6-c941d6e22ddb" >
		<http:listener-connection host="0.0.0.0" port="8081" />
	</http:listener-config>
	<flow name="test-cicd-apiFlow" doc:id="ccb5a939-808f-4056-ad1e-a188b408bda3" >
		<http:listener doc:name="Listener" doc:id="8d61eb23-df0c-49db-a340-738fe45e2da0" config-ref="HTTP_Listener_config" path="/cicdtest"/>
		<logger level="INFO" doc:name="Logger" doc:id="4520e94a-d12c-4e87-ac45-ad82570ce4e5" />
		<ee:transform doc:name="Transform Message" doc:id="ce282fe6-7182-450f-bddd-fb113a075180" >
			<ee:message >
				<ee:set-payload ><![CDATA[%dw 2.0
output application/json
---
{
	"status": 200,
	"details": "CICD API Test Successful!!",
	version: "v2"
}]]></ee:set-payload>
			</ee:message>
		</ee:transform>
	</flow>
</mule>
